<?xml version="1.0" encoding="UTF-8"?>
<!-- Generated by org.testng.reporters.JUnitReportReporter -->
<testsuite hostname="DESKTOP-T9LN8JE" failures="0" tests="2" name="testClasses.FBloginAndLogOut" time="57.710" errors="0" timestamp="2022-05-11T12:09:40 IST" skipped="0">
  <testcase classname="testClasses.FBloginAndLogOut" name="checkhomepageurl" time="28.906"/>
  <system-out/>
  <testcase classname="testClasses.FBloginAndLogOut" name="checkavailibilityoffindfriendoption" time="28.804"/>
  <system-out/>
</testsuite> <!-- testClasses.FBloginAndLogOut -->
